<?xml version="1.0" encoding="UTF-8"?>
<!-- Generated by org.testng.reporters.JUnitXMLReporter -->
<testsuite ignored="0" hostname="samar" failures="0" tests="8" name="Full Registration Flow" time="86.988" errors="0" timestamp="2026-06-23T17:27:32 NPT">
  <testcase classname="com.theap.signup.tests.SignupTest" name="clickGetStarted" time="2.07"/>
  <testcase classname="com.theap.signup.tests.SignupTest" name="acceptTermsAndContinue" time="2.089"/>
  <testcase classname="com.theap.signup.tests.SignupTest" name="fillAccountSetup" time="7.25"/>
  <testcase classname="com.theap.signup.tests.SignupTest" name="verifyEmailOtp" time="20.664"/>
  <testcase classname="com.theap.signup.tests.SignupTest" name="fillAgencyDetails" time="10.228"/>
  <testcase classname="com.theap.signup.tests.SignupTest" name="fillProfessionalExperience" time="10.752"/>
  <testcase classname="com.theap.signup.tests.SignupTest" name="fillVerificationAndPreferences" time="16.301"/>
  <testcase classname="com.theap.signup.tests.SignupTest" name="verifySuccess" time="2.404"/>
</testsuite> <!-- Full Registration Flow -->
